1>errors in directory e:\google\winpooch\driver
1>e:\google\winpooch\driver\driver.c(38) : error C1083: Cannot open include file: 'ddk\ntddk.h': No such file or directory
1>e:\google\winpooch\driver\drvfilter.h(5) : error C1083: Cannot open include file: 'FilterSet.h': No such file or directory
1>e:\google\winpooch\driver\drvfilter.h(5) : error C1083: Cannot open include file: 'FilterSet.h': No such file or directory
1>e:\google\winpooch\driver\disasm.c(54) : error C1083: Cannot open include file: 'Trace.h': No such file or directory
1>e:\google\winpooch\driver\fileinfo.c(41) : error C1083: Cannot open include file: 'ddk/ntapi.h': No such file or directory
1>e:\google\winpooch\driver\hook.h(34) : error C2016: C requires that a struct or union has at least one member
1>e:\google\winpooch\driver\hook.h(34) : error C2061: syntax error : identifier 'PBYTE'
1>e:\google\winpooch\driver\hook.h(35) : error C2061: syntax error : identifier 'pHookFunc'
1>e:\google\winpooch\driver\hook.h(35) : error C2059: syntax error : ';'
1>e:\google\winpooch\driver\hook.h(36) : error C2061: syntax error : identifier 'pStub'
1>e:\google\winpooch\driver\hook.h(36) : error C2059: syntax error : ';'
1>e:\google\winpooch\driver\hook.h(36) : error C3409: empty attribute block is not allowed
1>e:\google\winpooch\driver\hook.h(36) : error C2143: syntax error : missing ']' before 'constant'
1>e:\google\winpooch\driver\hook.h(37) : error C2061: syntax error : identifier 'nStubSize'
1>e:\google\winpooch\driver\hook.h(37) : error C2059: syntax error : ';'
1>e:\google\winpooch\driver\hook.h(38) : error C2061: syntax error : identifier 'pHead'
1>e:\google\winpooch\driver\hook.h(38) : error C2059: syntax error : ';'
1>e:\google\winpooch\driver\hook.h(38) : error C3409: empty attribute block is not allowed
1>e:\google\winpooch\driver\hook.h(38) : error C2143: syntax error : missing ']' before 'constant'
1>e:\google\winpooch\driver\hook.h(39) : error C2061: syntax error : identifier 'nHeadSize'
1>e:\google\winpooch\driver\hook.h(39) : error C2059: syntax error : ';'
1>e:\google\winpooch\driver\hook.h(40) : error C2059: syntax error : '}'
1>e:\google\winpooch\driver\hook.h(42) : error C2143: syntax error : missing ')' before '*'
1>e:\google\winpooch\driver\hook.h(42) : error C2143: syntax error : missing '{' before '*'
1>e:\google\winpooch\driver\hook.h(42) : error C2059: syntax error : ')'
1>e:\google\winpooch\driver\hook.h(42) : error C2059: syntax error : ';'
1>e:\google\winpooch\driver\hook.h(44) : error C2143: syntax error : missing ')' before '*'
1>e:\google\winpooch\driver\hook.h(44) : error C2143: syntax error : missing '{' before '*'
1>e:\google\winpooch\driver\hook.h(44) : error C2059: syntax error : ')'
1>e:\google\winpooch\driver\hook.h(44) : error C2059: syntax error : ';'
1>e:\google\winpooch\driver\hook.c(42) : error C1083: Cannot open include file: 'ddk/ntapi.h': No such file or directory
1>e:\google\winpooch\driver\proclist.h(30) : error C1083: Cannot open include file: 'Filter.h': No such file or directory
1>e:\google\winpooch\driver\hookfile.h(30) : error C2061: syntax error : identifier 'Hook_IoCreateFile'
1>e:\google\winpooch\driver\hookfile.h(30) : error C2059: syntax error : ';'
1>e:\google\winpooch\driver\hookfile.h(30) : error C2059: syntax error : 'type'
1>e:\google\winpooch\driver\hookfile.h(45) : error C2061: syntax error : identifier 'Hook_NtDeleteFile'
1>e:\google\winpooch\driver\hookfile.h(45) : error C2059: syntax error : ';'
1>e:\google\winpooch\driver\hookfile.h(45) : error C2059: syntax error : 'type'
1>e:\google\winpooch\driver\hookfile.h(47) : error C2061: syntax error : identifier 'Hook_NtSetInformationFile'
1>e:\google\winpooch\driver\hookfile.h(47) : error C2059: syntax error : ';'
1>e:\google\winpooch\driver\hookfile.h(47) : error C2059: syntax error : 'type'
1>e:\google\winpooch\driver\hookfile.h(50) : error C2061: syntax error : identifier 'Hook_NtDeviceIoControlFile'
1>e:\google\winpooch\driver\hookfile.h(50) : error C2059: syntax error : ';'
1>e:\google\winpooch\driver\hookfile.h(50) : error C2059: syntax error : 'type'
1>e:\google\winpooch\driver\hookfile.h(61) : error C2061: syntax error : identifier 'Hook_NtWriteFile'
1>e:\google\winpooch\driver\hookfile.h(61) : error C2059: syntax error : ';'
1>e:\google\winpooch\driver\hookfile.h(61) : error C2059: syntax error : 'type'
1>d:\winddk\7600.16385.0\inc\api\winbase.h(318) : error C2061: syntax error : identifier 'CRITICAL_SECTION'
1>d:\winddk\7600.16385.0\inc\api\winbase.h(318) : error C2059: syntax error : ';'
1>d:\winddk\7600.16385.0\inc\api\winbase.h(319) : error C2061: syntax error : identifier 'PCRITICAL_SECTION'
1>d:\winddk\7600.16385.0\inc\api\winbase.h(319) : error C2059: syntax error : ';'
1>d:\winddk\7600.16385.0\inc\api\winbase.h(320) : error C2061: syntax error : identifier 'LPCRITICAL_SECTION'
1>d:\winddk\7600.16385.0\inc\api\winbase.h(320) : error C2059: syntax error : ';'
1>d:\winddk\7600.16385.0\inc\api\winbase.h(322) : error C2061: syntax error : identifier 'CRITICAL_SECTION_DEBUG'
1>d:\winddk\7600.16385.0\inc\api\winbase.h(322) : error C2059: syntax error : ';'
1>d:\winddk\7600.16385.0\inc\api\winbase.h(323) : error C2061: syntax error : identifier 'PCRITICAL_SECTION_DEBUG'
1>d:\winddk\7600.16385.0\inc\api\winbase.h(323) : error C2059: syntax error : ';'
1>d:\winddk\7600.16385.0\inc\api\winbase.h(324) : error C2061: syntax error : identifier 'LPCRITICAL_SECTION_DEBUG'
1>d:\winddk\7600.16385.0\inc\api\winbase.h(324) : error C2059: syntax error : ';'
1>d:\winddk\7600.16385.0\inc\api\winbase.h(410) : error C2061: syntax error : identifier 'SRWLOCK'
1>d:\winddk\7600.16385.0\inc\api\winbase.h(410) : error C2059: syntax error : ';'
1>d:\winddk\7600.16385.0\inc\api\winbase.h(410) : error C2059: syntax error : ','
1>d:\winddk\7600.16385.0\inc\api\winbase.h(418) : error C2146: syntax error : missing ')' before identifier 'SRWLock'
1>d:\winddk\7600.16385.0\inc\api\winbase.h(418) : error C2061: syntax error : identifier 'SRWLock'
1>d:\winddk\7600.16385.0\inc\api\winbase.h(418) : error C2059: syntax error : ';'
1>d:\winddk\7600.16385.0\inc\api\winbase.h(419) : error C2059: syntax error : ')'
1>d:\winddk\7600.16385.0\inc\api\winbase.h(425) : error C2146: syntax error : missing ')' before identifier 'SRWLock'
1>d:\winddk\7600.16385.0\inc\api\winbase.h(425) : error C2061: syntax error : identifier 'SRWLock'
1>d:\winddk\7600.16385.0\inc\api\winbase.h(425) : error C2059: syntax error : ';'
1>d:\winddk\7600.16385.0\inc\api\winbase.h(426) : error C2059: syntax error : ')'
1>d:\winddk\7600.16385.0\inc\api\winbase.h(432) : error C2146: syntax error : missing ')' before identifier 'SRWLock'
1>d:\winddk\7600.16385.0\inc\api\winbase.h(432) : error C2061: syntax error : identifier 'SRWLock'
1>d:\winddk\7600.16385.0\inc\api\winbase.h(432) : error C2059: syntax error : ';'
1>d:\winddk\7600.16385.0\inc\api\winbase.h(433) : error C2059: syntax error : ')'
1>d:\winddk\7600.16385.0\inc\api\winbase.h(439) : error C2146: syntax error : missing ')' before identifier 'SRWLock'
1>d:\winddk\7600.16385.0\inc\api\winbase.h(439) : error C2061: syntax error : identifier 'SRWLock'
1>d:\winddk\7600.16385.0\inc\api\winbase.h(439) : error C2059: syntax error : ';'
1>d:\winddk\7600.16385.0\inc\api\winbase.h(440) : error C2059: syntax error : ')'
1>d:\winddk\7600.16385.0\inc\api\winbase.h(446) : error C2146: syntax error : missing ')' before identifier 'SRWLock'
1>d:\winddk\7600.16385.0\inc\api\winbase.h(446) : error C2061: syntax error : identifier 'SRWLock'
1>d:\winddk\7600.16385.0\inc\api\winbase.h(446) : error C2059: syntax error : ';'
1>d:\winddk\7600.16385.0\inc\api\winbase.h(447) : error C2059: syntax error : ')'
1>d:\winddk\7600.16385.0\inc\api\winbase.h(453) : error C2146: syntax error : missing ')' before identifier 'SRWLock'
1>d:\winddk\7600.16385.0\inc\api\winbase.h(453) : error C2061: syntax error : identifier 'SRWLock'
1>d:\winddk\7600.16385.0\inc\api\winbase.h(453) : error C2059: syntax error : ';'
1>d:\winddk\7600.16385.0\inc\api\winbase.h(454) : error C2059: syntax error : ')'
1>d:\winddk\7600.16385.0\inc\api\winbase.h(460) : error C2146: syntax error : missing ')' before identifier 'SRWLock'
1>d:\winddk\7600.16385.0\inc\api\winbase.h(460) : error C2061: syntax error : identifier 'SRWLock'
1>d:\winddk\7600.16385.0\inc\api\winbase.h(460) : error C2059: syntax error : ';'
1>d:\winddk\7600.16385.0\inc\api\winbase.h(461) : error C2059: syntax error : ')'
1>d:\winddk\7600.16385.0\inc\api\winbase.h(467) : error C2061: syntax error : identifier 'CONDITION_VARIABLE'
1>d:\winddk\7600.16385.0\inc\api\winbase.h(467) : error C2059: syntax error : ';'
1>d:\winddk\7600.16385.0\inc\api\winbase.h(467) : error C2059: syntax error : ','
1>d:\winddk\7600.16385.0\inc\api\winbase.h(473) : error C2146: syntax error : missing ')' before identifier 'ConditionVariable'
1>d:\winddk\7600.16385.0\inc\api\winbase.h(473) : error C2061: syntax error : identifier 'ConditionVariable'
1>d:\winddk\7600.16385.0\inc\api\winbase.h(473) : error C2059: syntax error : ';'
1>d:\winddk\7600.16385.0\inc\api\winbase.h(474) : error C2059: syntax error : ')'
1>d:\winddk\7600.16385.0\inc\api\winbase.h(480) : error C2146: syntax error : missing ')' before identifier 'ConditionVariable'
1>d:\winddk\7600.16385.0\inc\api\winbase.h(480) : error C2061: syntax error : identifier 'ConditionVariable'
1>d:\winddk\7600.16385.0\inc\api\winbase.h(480) : error C2059: syntax error : ';'
1>d:\winddk\7600.16385.0\inc\api\winbase.h(481) : error C2059: syntax error : ')'
1>d:\winddk\7600.16385.0\inc\api\winbase.h(487) : error C2146: syntax error : missing ')' before identifier 'ConditionVariable'
1>d:\winddk\7600.16385.0\inc\api\winbase.h(487) : error C2061: syntax error : identifier 'ConditionVariable'
1>d:\winddk\7600.16385.0\inc\api\winbase.h(487) : error C2059: syntax error : ';'
1>d:\winddk\7600.16385.0\inc\api\winbase.h(488) : error C2059: syntax error : ')'
1>d:\winddk\7600.16385.0\inc\api\winbase.h(494) : error C2146: syntax error : missing ')' before identifier 'ConditionVariable'
1>d:\winddk\7600.16385.0\inc\api\winbase.h(494) : error C2061: syntax error : identifier 'ConditionVariable'
1>d:\winddk\7600.16385.0\inc\api\winbase.h(494) : error C2059: syntax error : ';'
1>d:\winddk\7600.16385.0\inc\api\winbase.h(494) : error C2059: syntax error : ','
1>d:\winddk\7600.16385.0\inc\api\winbase.h(497) : error C2059: syntax error : ')'
1>d:\winddk\7600.16385.0\inc\api\winbase.h(503) : error C2146: syntax error : missing ')' before identifier 'ConditionVariable'
1>d:\winddk\7600.16385.0\inc\api\winbase.h(503) : error C2061: syntax error : identifier 'ConditionVariable'
1>d:\winddk\7600.16385.0\inc\api\winbase.h(503) : error C2059: syntax error : ';'
1>d:\winddk\7600.16385.0\inc\api\winbase.h(503) : error C2059: syntax error : ','
1>d:\winddk\7600.16385.0\inc\api\winbase.h(507) : error C2059: syntax error : ')'
1>d:\winddk\7600.16385.0\inc\api\winbase.h(554) : error C2061: syntax error : identifier 'LPLDT_ENTRY'
1>d:\winddk\7600.16385.0\inc\api\winbase.h(554) : error C2059: syntax error : ';'
1>d:\winddk\7600.16385.0\inc\api\winbase.h(2319) : error C2059: syntax error : '('
1>d:\winddk\7600.16385.0\inc\api\winbase.h(2522) : error C2375: 'InitializeSListHead' : redefinition; different linkage
1>d:\winddk\7600.16385.0\inc\api\winbase.h(2529) : error C2373: 'InterlockedPopEntrySList' : redefinition; different type modifiers
1>d:\winddk\7600.16385.0\inc\api\winbase.h(2537) : error C2373: 'InterlockedPushEntrySList' : redefinition; different type modifiers
1>d:\winddk\7600.16385.0\inc\api\winbase.h(2544) : error C2373: 'ExInterlockedFlushSList' : redefinition; different type modifiers
1>d:\winddk\7600.16385.0\inc\api\winbase.h(2551) : error C2059: syntax error : '('
1>d:\winddk\7600.16385.0\inc\api\winbase.h(2967) : error C2146: syntax error : missing ')' before identifier 'lpBuffer'
1>d:\winddk\7600.16385.0\inc\api\winbase.h(2967) : error C2081: 'PMEMORY_BASIC_INFORMATION' : name in formal parameter list illegal
1>d:\winddk\7600.16385.0\inc\api\winbase.h(2967) : error C2061: syntax error : identifier 'lpBuffer'
1>d:\winddk\7600.16385.0\inc\api\winbase.h(2967) : error C2059: syntax error : ';'
1>d:\winddk\7600.16385.0\inc\api\winbase.h(2967) : error C2059: syntax error : ','
1>d:\winddk\7600.16385.0\inc\api\winbase.h(2969) : error C2059: syntax error : ')'
1>d:\winddk\7600.16385.0\inc\api\winbase.h(3091) : error C2146: syntax error : missing ')' before identifier 'lpBuffer'
1>d:\winddk\7600.16385.0\inc\api\winbase.h(3091) : error C2081: 'PMEMORY_BASIC_INFORMATION' : name in formal parameter list illegal
1>d:\winddk\7600.16385.0\inc\api\winbase.h(3091) : error C2061: syntax error : identifier 'lpBuffer'
1>d:\winddk\7600.16385.0\inc\api\winbase.h(3091) : error C2059: syntax error : ';'
1>d:\winddk\7600.16385.0\inc\api\winbase.h(3091) : error C1003: error count exceeds 100; stopping compilation
1>e:\google\winpooch\driver\hookreg.h(32) : error C2061: syntax error : identifier 'Hook_NtSetValueKey'
1>e:\google\winpooch\driver\hookreg.h(32) : error C2059: syntax error : ';'
1>e:\google\winpooch\driver\hookreg.h(32) : error C2059: syntax error : 'type'
1>e:\google\winpooch\driver\hookreg.h(35) : error C2061: syntax error : identifier 'Hook_NtQueryValueKey'
1>e:\google\winpooch\driver\hookreg.h(35) : error C2059: syntax error : ';'
1>e:\google\winpooch\driver\hookreg.h(35) : error C2059: syntax error : 'type'
1>e:\google\winpooch\driver\hooks.h(58) : error C2061: syntax error : identifier 'Hooks_GetStubAddress'
1>e:\google\winpooch\driver\hooks.h(58) : error C2059: syntax error : ';'
1>e:\google\winpooch\driver\hooks.h(58) : error C2059: syntax error : 'type'
1>e:\google\winpooch\driver\hooks.h(60) : error C2061: syntax error : identifier 'Hooks_GetStubAddForJmp'
1>e:\google\winpooch\driver\hooks.h(60) : error C2059: syntax error : ';'
1>e:\google\winpooch\driver\hooks.h(60) : error C2059: syntax error : 'type'
1>e:\google\winpooch\driver\proclist.h(30) : error C1083: Cannot open include file: 'Filter.h': No such file or directory
1>e:\google\winpooch\driver\hooks.h(58) : error C2061: syntax error : identifier 'Hooks_GetStubAddress'
1>e:\google\winpooch\driver\hooks.h(58) : error C2059: syntax error : ';'
1>e:\google\winpooch\driver\hooks.h(58) : error C2059: syntax error : 'type'
1>e:\google\winpooch\driver\hooks.h(60) : error C2061: syntax error : identifier 'Hooks_GetStubAddForJmp'
1>e:\google\winpooch\driver\hooks.h(60) : error C2059: syntax error : ';'
1>e:\google\winpooch\driver\hooks.h(60) : error C2059: syntax error : 'type'
1>e:\google\winpooch\driver\hook.h(34) : error C2016: C requires that a struct or union has at least one member
1>e:\google\winpooch\driver\hook.h(34) : error C2061: syntax error : identifier 'PBYTE'
1>e:\google\winpooch\driver\hook.h(35) : error C2061: syntax error : identifier 'pHookFunc'
1>e:\google\winpooch\driver\hook.h(35) : error C2059: syntax error : ';'
1>e:\google\winpooch\driver\hook.h(36) : error C2061: syntax error : identifier 'pStub'
1>e:\google\winpooch\driver\hook.h(36) : error C2059: syntax error : ';'
1>e:\google\winpooch\driver\hook.h(36) : error C3409: empty attribute block is not allowed
1>e:\google\winpooch\driver\hook.h(36) : error C2143: syntax error : missing ']' before 'constant'
1>e:\google\winpooch\driver\hook.h(37) : error C2061: syntax error : identifier 'nStubSize'
1>e:\google\winpooch\driver\hook.h(37) : error C2059: syntax error : ';'
1>e:\google\winpooch\driver\hook.h(38) : error C2061: syntax error : identifier 'pHead'
1>e:\google\winpooch\driver\hook.h(38) : error C2059: syntax error : ';'
1>e:\google\winpooch\driver\hook.h(38) : error C3409: empty attribute block is not allowed
1>e:\google\winpooch\driver\hook.h(38) : error C2143: syntax error : missing ']' before 'constant'
1>e:\google\winpooch\driver\hook.h(39) : error C2061: syntax error : identifier 'nHeadSize'
1>e:\google\winpooch\driver\hook.h(39) : error C2059: syntax error : ';'
1>e:\google\winpooch\driver\hook.h(40) : error C2059: syntax error : '}'
1>e:\google\winpooch\driver\hook.h(42) : error C2143: syntax error : missing ')' before '*'
1>e:\google\winpooch\driver\hook.h(42) : error C2143: syntax error : missing '{' before '*'
1>e:\google\winpooch\driver\hook.h(42) : error C2059: syntax error : ')'
1>e:\google\winpooch\driver\hook.h(42) : error C2059: syntax error : ';'
1>e:\google\winpooch\driver\hook.h(44) : error C2143: syntax error : missing ')' before '*'
1>e:\google\winpooch\driver\hook.h(44) : error C2143: syntax error : missing '{' before '*'
1>e:\google\winpooch\driver\hook.h(44) : error C2059: syntax error : ')'
1>e:\google\winpooch\driver\hook.h(44) : error C2059: syntax error : ';'
1>e:\google\winpooch\driver\hookreg.h(32) : error C2061: syntax error : identifier 'Hook_NtSetValueKey'
1>e:\google\winpooch\driver\hookreg.h(32) : error C2059: syntax error : ';'
1>e:\google\winpooch\driver\hookreg.h(32) : error C2059: syntax error : 'type'
1>e:\google\winpooch\driver\hookreg.h(35) : error C2061: syntax error : identifier 'Hook_NtQueryValueKey'
1>e:\google\winpooch\driver\hookreg.h(35) : error C2059: syntax error : ';'
1>e:\google\winpooch\driver\hookreg.h(35) : error C2059: syntax error : 'type'
1>e:\google\winpooch\driver\hookfile.h(30) : error C2061: syntax error : identifier 'Hook_IoCreateFile'
1>e:\google\winpooch\driver\hookfile.h(30) : error C2059: syntax error : ';'
1>e:\google\winpooch\driver\hookfile.h(30) : error C2059: syntax error : 'type'
1>e:\google\winpooch\driver\hookfile.h(45) : error C2061: syntax error : identifier 'Hook_NtDeleteFile'
1>e:\google\winpooch\driver\hookfile.h(45) : error C2059: syntax error : ';'
1>e:\google\winpooch\driver\hookfile.h(45) : error C2059: syntax error : 'type'
1>e:\google\winpooch\driver\hookfile.h(47) : error C2061: syntax error : identifier 'Hook_NtSetInformationFile'
1>e:\google\winpooch\driver\hookfile.h(47) : error C2059: syntax error : ';'
1>e:\google\winpooch\driver\hookfile.h(47) : error C2059: syntax error : 'type'
1>e:\google\winpooch\driver\hookfile.h(50) : error C2061: syntax error : identifier 'Hook_NtDeviceIoControlFile'
1>e:\google\winpooch\driver\hookfile.h(50) : error C2059: syntax error : ';'
1>e:\google\winpooch\driver\hookfile.h(50) : error C2059: syntax error : 'type'
1>e:\google\winpooch\driver\hookfile.h(61) : error C2061: syntax error : identifier 'Hook_NtWriteFile'
1>e:\google\winpooch\driver\hookfile.h(61) : error C2059: syntax error : ';'
1>e:\google\winpooch\driver\hookfile.h(61) : error C2059: syntax error : 'type'
1>e:\google\winpooch\driver\hooksys.h(31) : error C2061: syntax error : identifier 'Hook_NtCreateProcess'
1>e:\google\winpooch\driver\hooksys.h(31) : error C2059: syntax error : ';'
1>e:\google\winpooch\driver\hooksys.h(31) : error C2059: syntax error : 'type'
1>e:\google\winpooch\driver\hooksys.h(36) : error C2061: syntax error : identifier 'Hook_NtCreateProcessEx'
1>e:\google\winpooch\driver\hooksys.h(36) : error C2059: syntax error : ';'
1>e:\google\winpooch\driver\hooksys.h(36) : error C2059: syntax error : 'type'
1>e:\google\winpooch\driver\hooksys.h(41) : error C2061: syntax error : identifier 'Hook_NtCreateSection'
1>e:\google\winpooch\driver\hooksys.h(41) : error C2059: syntax error : ';'
1>e:\google\winpooch\driver\hooksys.h(41) : error C2059: syntax error : 'type'
1>e:\google\winpooch\driver\hooksys.h(46) : error C2061: syntax error : identifier 'Hook_PspTerminateProcess'
1>e:\google\winpooch\driver\hooksys.h(46) : error C2059: syntax error : ';'
1>e:\google\winpooch\driver\hooksys.h(46) : error C2059: syntax error : 'type'
1>e:\google\winpooch\driver\hooksys.h(49) : error C2061: syntax error : identifier 'Hook_NtTerminateProcess'
1>e:\google\winpooch\driver\hooksys.h(49) : error C2059: syntax error : ';'
1>e:\google\winpooch\driver\hooksys.h(49) : error C2059: syntax error : 'type'
1>e:\google\winpooch\driver\hooksys.h(56) : error C2061: syntax error : identifier 'Hook_ObpFreeObject_Win2K'
1>e:\google\winpooch\driver\hooksys.h(56) : error C2059: syntax error : ';'
1>e:\google\winpooch\driver\hooksys.h(56) : error C2059: syntax error : 'type'
1>e:\google\winpooch\driver\hooksys.h(60) : error C2143: syntax error : missing ')' before '('
1>e:\google\winpooch\driver\hooksys.h(60) : error C2143: syntax error : missing ')' before '('
1>e:\google\winpooch\driver\hooksys.h(60) : error C2091: function returns function
1>e:\google\winpooch\driver\hooksys.h(60) : error C2143: syntax error : missing ')' before 'constant'
1>e:\google\winpooch\driver\hooksys.h(60) : error C2091: function returns function
1>e:\google\winpooch\driver\hooksys.h(60) : error C2143: syntax error : missing '{' before 'constant'
1>e:\google\winpooch\driver\hooksys.h(60) : error C2059: syntax error : '<Unknown>'
1>e:\google\winpooch\driver\hooksys.h(60) : error C2059: syntax error : ')'
1>e:\google\winpooch\driver\hooksys.h(60) : error C2059: syntax error : ')'
1>e:\google\winpooch\driver\hooksys.h(60) : error C2059: syntax error : ')'
1>e:\google\winpooch\driver\link.h(6) : error C2061: syntax error : identifier 'Link_IsConnected'
1>e:\google\winpooch\driver\link.h(6) : error C2059: syntax error : ';'
1>e:\google\winpooch\driver\link.h(6) : error C2059: syntax error : ')'
1>e:\google\winpooch\driver\link.h(8) : error C2146: syntax error : missing ')' before identifier 'pRequestData'
1>e:\google\winpooch\driver\link.h(8) : error C2061: syntax error : identifier 'pRequestData'
1>e:\google\winpooch\driver\link.h(8) : error C2059: syntax error : ';'
1>e:\google\winpooch\driver\link.h(8) : error C2059: syntax error : ','
1>e:\google\winpooch\driver\link.h(10) : error C2059: syntax error : ')'
1>e:\google\winpooch\driver\link.h(20) : error C2061: syntax error : identifier 'Link_IsAppWaiting'
1>e:\google\winpooch\driver\link.h(20) : error C2059: syntax error : ';'
1>e:\google\winpooch\driver\link.h(20) : error C2059: syntax error : ')'
1>e:\google\winpooch\driver\link.h(22) : error C2061: syntax error : identifier 'Link_IsRequesting'
1>e:\google\winpooch\driver\link.h(22) : error C2059: syntax error : ';'
1>e:\google\winpooch\driver\link.h(22) : error C2059: syntax error : ')'
1>e:\google\winpooch\driver\hooks.c(46) : error C1083: Cannot open include file: 'Trace.h': No such file or directory
1>e:\google\winpooch\driver\hooksys.h(31) : error C2061: syntax error : identifier 'Hook_NtCreateProcess'
1>e:\google\winpooch\driver\hooksys.h(31) : error C2059: syntax error : ';'
1>e:\google\winpooch\driver\hooksys.h(31) : error C2059: syntax error : 'type'
1>e:\google\winpooch\driver\hooksys.h(36) : error C2061: syntax error : identifier 'Hook_NtCreateProcessEx'
1>e:\google\winpooch\driver\hooksys.h(36) : error C2059: syntax error : ';'
1>e:\google\winpooch\driver\hooksys.h(36) : error C2059: syntax error : 'type'
1>e:\google\winpooch\driver\hooksys.h(41) : error C2061: syntax error : identifier 'Hook_NtCreateSection'
1>e:\google\winpooch\driver\hooksys.h(41) : error C2059: syntax error : ';'
1>e:\google\winpooch\driver\hooksys.h(41) : error C2059: syntax error : 'type'
1>e:\google\winpooch\driver\hooksys.h(46) : error C2061: syntax error : identifier 'Hook_PspTerminateProcess'
1>e:\google\winpooch\driver\hooksys.h(46) : error C2059: syntax error : ';'
1>e:\google\winpooch\driver\hooksys.h(46) : error C2059: syntax error : 'type'
1>e:\google\winpooch\driver\hooksys.h(49) : error C2061: syntax error : identifier 'Hook_NtTerminateProcess'
1>e:\google\winpooch\driver\hooksys.h(49) : error C2059: syntax error : ';'
1>e:\google\winpooch\driver\hooksys.h(49) : error C2059: syntax error : 'type'
1>e:\google\winpooch\driver\hooksys.h(56) : error C2061: syntax error : identifier 'Hook_ObpFreeObject_Win2K'
1>e:\google\winpooch\driver\hooksys.h(56) : error C2059: syntax error : ';'
1>e:\google\winpooch\driver\hooksys.h(56) : error C2059: syntax error : 'type'
1>e:\google\winpooch\driver\hooksys.h(60) : error C2143: syntax error : missing ')' before '('
1>e:\google\winpooch\driver\hooksys.h(60) : error C2143: syntax error : missing ')' before '('
1>e:\google\winpooch\driver\hooksys.h(60) : error C2091: function returns function
1>e:\google\winpooch\driver\hooksys.h(60) : error C2143: syntax error : missing ')' before 'constant'
1>e:\google\winpooch\driver\hooksys.h(60) : error C2091: function returns function
1>e:\google\winpooch\driver\hooksys.h(60) : error C2143: syntax error : missing '{' before 'constant'
1>e:\google\winpooch\driver\hooksys.h(60) : error C2059: syntax error : '<Unknown>'
1>e:\google\winpooch\driver\hooksys.h(60) : error C2059: syntax error : ')'
1>e:\google\winpooch\driver\hooksys.h(60) : error C2059: syntax error : ')'
1>e:\google\winpooch\driver\hooksys.h(60) : error C2059: syntax error : ')'
1>e:\google\winpooch\driver\drvfilter.h(5) : error C1083: Cannot open include file: 'FilterSet.h': No such file or directory
1>e:\google\winpooch\driver\link.h(6) : error C2061: syntax error : identifier 'Link_IsConnected'
1>e:\google\winpooch\driver\link.h(6) : error C2059: syntax error : ';'
1>e:\google\winpooch\driver\link.h(6) : error C2059: syntax error : ')'
1>e:\google\winpooch\driver\link.h(8) : error C2146: syntax error : missing ')' before identifier 'pRequestData'
1>e:\google\winpooch\driver\link.h(8) : error C2061: syntax error : identifier 'pRequestData'
1>e:\google\winpooch\driver\link.h(8) : error C2059: syntax error : ';'
1>e:\google\winpooch\driver\link.h(8) : error C2059: syntax error : ','
1>e:\google\winpooch\driver\link.h(10) : error C2059: syntax error : ')'
1>e:\google\winpooch\driver\link.h(20) : error C2061: syntax error : identifier 'Link_IsAppWaiting'
1>e:\google\winpooch\driver\link.h(20) : error C2059: syntax error : ';'
1>e:\google\winpooch\driver\link.h(20) : error C2059: syntax error : ')'
1>e:\google\winpooch\driver\link.h(22) : error C2061: syntax error : identifier 'Link_IsRequesting'
1>e:\google\winpooch\driver\link.h(22) : error C2059: syntax error : ';'
1>e:\google\winpooch\driver\link.h(22) : error C2059: syntax error : ')'
1>e:\google\winpooch\driver\link.c(44) : error C1083: Cannot open include file: 'DrvInterface.h': No such file or directory
1>e:\google\winpooch\driver\ntundoc.h(29) : error C1083: Cannot open include file: 'ddk/ntapi.h': No such file or directory
1>d:\winddk\7600.16385.0\inc\api\winbase.h(318) : error C2061: syntax error : identifier 'CRITICAL_SECTION'
1>d:\winddk\7600.16385.0\inc\api\winbase.h(318) : error C2059: syntax error : ';'
1>d:\winddk\7600.16385.0\inc\api\winbase.h(319) : error C2061: syntax error : identifier 'PCRITICAL_SECTION'
1>d:\winddk\7600.16385.0\inc\api\winbase.h(319) : error C2059: syntax error : ';'
1>d:\winddk\7600.16385.0\inc\api\winbase.h(320) : error C2061: syntax error : identifier 'LPCRITICAL_SECTION'
1>d:\winddk\7600.16385.0\inc\api\winbase.h(320) : error C2059: syntax error : ';'
1>d:\winddk\7600.16385.0\inc\api\winbase.h(322) : error C2061: syntax error : identifier 'CRITICAL_SECTION_DEBUG'
1>d:\winddk\7600.16385.0\inc\api\winbase.h(322) : error C2059: syntax error : ';'
1>d:\winddk\7600.16385.0\inc\api\winbase.h(323) : error C2061: syntax error : identifier 'PCRITICAL_SECTION_DEBUG'
1>d:\winddk\7600.16385.0\inc\api\winbase.h(323) : error C2059: syntax error : ';'
1>d:\winddk\7600.16385.0\inc\api\winbase.h(324) : error C2061: syntax error : identifier 'LPCRITICAL_SECTION_DEBUG'
1>d:\winddk\7600.16385.0\inc\api\winbase.h(324) : error C2059: syntax error : ';'
1>d:\winddk\7600.16385.0\inc\api\winbase.h(410) : error C2061: syntax error : identifier 'SRWLOCK'
1>d:\winddk\7600.16385.0\inc\api\winbase.h(410) : error C2059: syntax error : ';'
1>d:\winddk\7600.16385.0\inc\api\winbase.h(410) : error C2059: syntax error : ','
1>d:\winddk\7600.16385.0\inc\api\winbase.h(418) : error C2146: syntax error : missing ')' before identifier 'SRWLock'
1>d:\winddk\7600.16385.0\inc\api\winbase.h(418) : error C2061: syntax error : identifier 'SRWLock'
1>d:\winddk\7600.16385.0\inc\api\winbase.h(418) : error C2059: syntax error : ';'
1>d:\winddk\7600.16385.0\inc\api\winbase.h(419) : error C2059: syntax error : ')'
1>d:\winddk\7600.16385.0\inc\api\winbase.h(425) : error C2146: syntax error : missing ')' before identifier 'SRWLock'
1>d:\winddk\7600.16385.0\inc\api\winbase.h(425) : error C2061: syntax error : identifier 'SRWLock'
1>d:\winddk\7600.16385.0\inc\api\winbase.h(425) : error C2059: syntax error : ';'
1>d:\winddk\7600.16385.0\inc\api\winbase.h(426) : error C2059: syntax error : ')'
1>d:\winddk\7600.16385.0\inc\api\winbase.h(432) : error C2146: syntax error : missing ')' before identifier 'SRWLock'
1>d:\winddk\7600.16385.0\inc\api\winbase.h(432) : error C2061: syntax error : identifier 'SRWLock'
1>d:\winddk\7600.16385.0\inc\api\winbase.h(432) : error C2059: syntax error : ';'
1>d:\winddk\7600.16385.0\inc\api\winbase.h(433) : error C2059: syntax error : ')'
1>d:\winddk\7600.16385.0\inc\api\winbase.h(439) : error C2146: syntax error : missing ')' before identifier 'SRWLock'
1>d:\winddk\7600.16385.0\inc\api\winbase.h(439) : error C2061: syntax error : identifier 'SRWLock'
1>d:\winddk\7600.16385.0\inc\api\winbase.h(439) : error C2059: syntax error : ';'
1>d:\winddk\7600.16385.0\inc\api\winbase.h(440) : error C2059: syntax error : ')'
1>d:\winddk\7600.16385.0\inc\api\winbase.h(446) : error C2146: syntax error : missing ')' before identifier 'SRWLock'
1>d:\winddk\7600.16385.0\inc\api\winbase.h(446) : error C2061: syntax error : identifier 'SRWLock'
1>d:\winddk\7600.16385.0\inc\api\winbase.h(446) : error C2059: syntax error : ';'
1>d:\winddk\7600.16385.0\inc\api\winbase.h(447) : error C2059: syntax error : ')'
1>d:\winddk\7600.16385.0\inc\api\winbase.h(453) : error C2146: syntax error : missing ')' before identifier 'SRWLock'
1>d:\winddk\7600.16385.0\inc\api\winbase.h(453) : error C2061: syntax error : identifier 'SRWLock'
1>d:\winddk\7600.16385.0\inc\api\winbase.h(453) : error C2059: syntax error : ';'
1>d:\winddk\7600.16385.0\inc\api\winbase.h(454) : error C2059: syntax error : ')'
1>d:\winddk\7600.16385.0\inc\api\winbase.h(460) : error C2146: syntax error : missing ')' before identifier 'SRWLock'
1>d:\winddk\7600.16385.0\inc\api\winbase.h(460) : error C2061: syntax error : identifier 'SRWLock'
1>d:\winddk\7600.16385.0\inc\api\winbase.h(460) : error C2059: syntax error : ';'
1>d:\winddk\7600.16385.0\inc\api\winbase.h(461) : error C2059: syntax error : ')'
1>d:\winddk\7600.16385.0\inc\api\winbase.h(467) : error C2061: syntax error : identifier 'CONDITION_VARIABLE'
1>d:\winddk\7600.16385.0\inc\api\winbase.h(467) : error C2059: syntax error : ';'
1>d:\winddk\7600.16385.0\inc\api\winbase.h(467) : error C2059: syntax error : ','
1>d:\winddk\7600.16385.0\inc\api\winbase.h(473) : error C2146: syntax error : missing ')' before identifier 'ConditionVariable'
1>d:\winddk\7600.16385.0\inc\api\winbase.h(473) : error C2061: syntax error : identifier 'ConditionVariable'
1>d:\winddk\7600.16385.0\inc\api\winbase.h(473) : error C2059: syntax error : ';'
1>d:\winddk\7600.16385.0\inc\api\winbase.h(474) : error C2059: syntax error : ')'
1>d:\winddk\7600.16385.0\inc\api\winbase.h(480) : error C2146: syntax error : missing ')' before identifier 'ConditionVariable'
1>d:\winddk\7600.16385.0\inc\api\winbase.h(480) : error C2061: syntax error : identifier 'ConditionVariable'
1>d:\winddk\7600.16385.0\inc\api\winbase.h(480) : error C2059: syntax error : ';'
1>d:\winddk\7600.16385.0\inc\api\winbase.h(481) : error C2059: syntax error : ')'
1>d:\winddk\7600.16385.0\inc\api\winbase.h(487) : error C2146: syntax error : missing ')' before identifier 'ConditionVariable'
1>d:\winddk\7600.16385.0\inc\api\winbase.h(487) : error C2061: syntax error : identifier 'ConditionVariable'
1>d:\winddk\7600.16385.0\inc\api\winbase.h(487) : error C2059: syntax error : ';'
1>d:\winddk\7600.16385.0\inc\api\winbase.h(488) : error C2059: syntax error : ')'
1>d:\winddk\7600.16385.0\inc\api\winbase.h(494) : error C2146: syntax error : missing ')' before identifier 'ConditionVariable'
1>d:\winddk\7600.16385.0\inc\api\winbase.h(494) : error C2061: syntax error : identifier 'ConditionVariable'
1>d:\winddk\7600.16385.0\inc\api\winbase.h(494) : error C2059: syntax error : ';'
1>d:\winddk\7600.16385.0\inc\api\winbase.h(494) : error C2059: syntax error : ','
1>d:\winddk\7600.16385.0\inc\api\winbase.h(497) : error C2059: syntax error : ')'
1>d:\winddk\7600.16385.0\inc\api\winbase.h(503) : error C2146: syntax error : missing ')' before identifier 'ConditionVariable'
1>d:\winddk\7600.16385.0\inc\api\winbase.h(503) : error C2061: syntax error : identifier 'ConditionVariable'
1>d:\winddk\7600.16385.0\inc\api\winbase.h(503) : error C2059: syntax error : ';'
1>d:\winddk\7600.16385.0\inc\api\winbase.h(503) : error C2059: syntax error : ','
1>d:\winddk\7600.16385.0\inc\api\winbase.h(507) : error C2059: syntax error : ')'
1>d:\winddk\7600.16385.0\inc\api\winbase.h(554) : error C2061: syntax error : identifier 'LPLDT_ENTRY'
1>d:\winddk\7600.16385.0\inc\api\winbase.h(554) : error C2059: syntax error : ';'
1>d:\winddk\7600.16385.0\inc\api\winbase.h(2319) : error C2059: syntax error : '('
1>d:\winddk\7600.16385.0\inc\api\winbase.h(2522) : error C2375: 'InitializeSListHead' : redefinition; different linkage
1>d:\winddk\7600.16385.0\inc\api\winbase.h(2529) : error C2373: 'InterlockedPopEntrySList' : redefinition; different type modifiers
1>d:\winddk\7600.16385.0\inc\api\winbase.h(2537) : error C2373: 'InterlockedPushEntrySList' : redefinition; different type modifiers
1>d:\winddk\7600.16385.0\inc\api\winbase.h(2544) : error C2373: 'ExInterlockedFlushSList' : redefinition; different type modifiers
1>d:\winddk\7600.16385.0\inc\api\winbase.h(2551) : error C2059: syntax error : '('
1>d:\winddk\7600.16385.0\inc\api\winbase.h(2967) : error C2146: syntax error : missing ')' before identifier 'lpBuffer'
1>d:\winddk\7600.16385.0\inc\api\winbase.h(2967) : error C2081: 'PMEMORY_BASIC_INFORMATION' : name in formal parameter list illegal
1>d:\winddk\7600.16385.0\inc\api\winbase.h(2967) : error C2061: syntax error : identifier 'lpBuffer'
1>d:\winddk\7600.16385.0\inc\api\winbase.h(2967) : error C2059: syntax error : ';'
1>d:\winddk\7600.16385.0\inc\api\winbase.h(2967) : error C2059: syntax error : ','
1>d:\winddk\7600.16385.0\inc\api\winbase.h(2969) : error C2059: syntax error : ')'
1>d:\winddk\7600.16385.0\inc\api\winbase.h(3091) : error C2146: syntax error : missing ')' before identifier 'lpBuffer'
1>d:\winddk\7600.16385.0\inc\api\winbase.h(3091) : error C2081: 'PMEMORY_BASIC_INFORMATION' : name in formal parameter list illegal
1>d:\winddk\7600.16385.0\inc\api\winbase.h(3091) : error C2061: syntax error : identifier 'lpBuffer'
1>d:\winddk\7600.16385.0\inc\api\winbase.h(3091) : error C2059: syntax error : ';'
1>d:\winddk\7600.16385.0\inc\api\winbase.h(3091) : error C2059: syntax error : ','
1>d:\winddk\7600.16385.0\inc\api\winbase.h(3093) : error C2059: syntax error : ')'
1>d:\winddk\7600.16385.0\inc\api\winbase.h(3236) : error C2146: syntax error : missing ')' before identifier 'HeapInformationClass'
1>d:\winddk\7600.16385.0\inc\api\winbase.h(3236) : error C2081: 'HEAP_INFORMATION_CLASS' : name in formal parameter list illegal
1>d:\winddk\7600.16385.0\inc\api\winbase.h(3236) : error C2061: syntax error : identifier 'HeapInformationClass'
1>d:\winddk\7600.16385.0\inc\api\winbase.h(3236) : error C2059: syntax error : ';'
1>d:\winddk\7600.16385.0\inc\api\winbase.h(3236) : error C2059: syntax error : ','
1>d:\winddk\7600.16385.0\inc\api\winbase.h(3239) : error C2059: syntax error : ')'
1>d:\winddk\7600.16385.0\inc\api\winbase.h(3246) : error C2146: syntax error : missing ')' before identifier 'HeapInformationClass'
1>d:\winddk\7600.16385.0\inc\api\winbase.h(3246) : error C2081: 'HEAP_INFORMATION_CLASS' : name in formal parameter list illegal
1>d:\winddk\7600.16385.0\inc\api\winbase.h(3246) : error C2061: syntax error : identifier 'HeapInformationClass'
1>d:\winddk\7600.16385.0\inc\api\winbase.h(3246) : error C2059: syntax error : ';'
1>d:\winddk\7600.16385.0\inc\api\winbase.h(3246) : error C2059: syntax error : ','
1>d:\winddk\7600.16385.0\inc\api\winbase.h(3250) : error C2059: syntax error : ')'
1>d:\winddk\7600.16385.0\inc\api\winbase.h(4189) : error C2146: syntax error : missing ')' before identifier 'lpSelectorEntry'
1>d:\winddk\7600.16385.0\inc\api\winbase.h(4189) : error C1003: error count exceeds 100; stopping compilation
1>e:\google\winpooch\driver\proclist.h(30) : error C1083: Cannot open include file: 'Filter.h': No such file or directory
1>e:\google\winpooch\driver\scancache.h(30) : error C1083: Cannot open include file: 'ScanResult.h': No such file or directory
1>e:\google\winpooch\driver\systinfo.h(40) : error C2061: syntax error : identifier 'SystInfo_GetWindowsVersion'
1>e:\google\winpooch\driver\systinfo.h(40) : error C2059: syntax error : ';'
1>e:\google\winpooch\driver\systinfo.h(40) : error C2059: syntax error : ')'
1>e:\google\winpooch\driver\systinfo.c(41) : error C1083: Cannot open include file: 'ddk/ntapi.h': No such file or directory
1>e:\google\winpooch\driver\watchedobjects.h(55) : error C2143: syntax error : missing ')' before '('
1>e:\google\winpooch\driver\watchedobjects.h(55) : error C2091: function returns function
1>e:\google\winpooch\driver\watchedobjects.h(55) : error C2059: syntax error : ')'
1>e:\google\winpooch\driver\watchedobjects.h(59) : error C2085: 'WatchObjs_AddFromHandle' : not in formal parameter list
1>e:\google\winpooch\driver\watchedobjects.h(61) : error C2085: 'WatchObjs_RemFromPointer' : not in formal parameter list
1>e:\google\winpooch\driver\watchedobjects.h(66) : error C2085: 'WatchObjs_GetFromPointer' : not in formal parameter list
1>e:\google\winpooch\driver\watchedobjects.h(68) : error C2061: syntax error : identifier '__attribute__'
1>e:\google\winpooch\driver\watchedobjects.c(45) : error C1083: Cannot open include file: 'Trace.h': No such file or directory
1>link : error LNK1181: cannot open input file 'e:\google\winpooch\driver\objchk_wxp_x86\i386\driver.obj'
